21:48:17 INFO  : Launching XSCT server: xsct.bat -n  -interactive C:\Users\Christopher\Desktop\ENSC_452\AudioLabReal\temp_xsdb_launch_script.tcl
21:48:17 INFO  : Registering command handlers for Vitis TCF services
21:48:20 INFO  : Platform repository initialization has completed.
21:48:21 INFO  : XSCT server has started successfully.
21:48:21 INFO  : Successfully done setting XSCT server connection channel  
21:48:22 INFO  : plnx-install-location is set to ''
21:48:22 INFO  : Successfully done setting workspace for the tool. 
21:48:22 INFO  : Successfully done query RDI_DATADIR 
21:49:51 INFO  : Result from executing command 'getProjects': design_1_wrapper
21:49:51 INFO  : Result from executing command 'getPlatforms': 
21:49:52 WARN  : An unexpected exception occurred in the module 'platform project logging'
21:49:52 INFO  : Platform 'design_1_wrapper' is added to custom repositories.
21:50:05 INFO  : Platform 'design_1_wrapper' is added to custom repositories.
21:51:53 INFO  : Checking for BSP changes to sync application flags for project 'AudioLabReal'...
21:51:53 ERROR : Failed to openhw "C:/Users/Christopher/Desktop/ENSC_452/AudioLabReal/design_1_wrapper/export/design_1_wrapper/hw/design_1_wrapper.xsa"
Reason: ERROR: [Common 17-39] 'hsi::open_hw_design' failed due to earlier errors.

21:51:53 ERROR : Failed to update application flags from BSP for 'AudioLabReal'. Reason: null
java.lang.NullPointerException
	at com.xilinx.sdx.sw.internal.SDxSwPlatform.<init>(SDxSwPlatform.java:305)
	at com.xilinx.sdx.sw.internal.SDxSwPlatform.create(SDxSwPlatform.java:214)
	at com.xilinx.sdx.sdk.core.util.SdkPlatformHelper.getSwPlatform(SdkPlatformHelper.java:61)
	at com.xilinx.sdx.sdk.core.build.SdkMakefileGenerationListener.getSwPlatform(SdkMakefileGenerationListener.java:160)
	at com.xilinx.sdx.sdk.core.build.SdkMakefileGenerationListener.syncAppFlags(SdkMakefileGenerationListener.java:78)
	at com.xilinx.sdx.sdk.core.build.SdkMakefileGenerationListener.preMakefileGeneration(SdkMakefileGenerationListener.java:48)
	at com.xilinx.sdk.managedbuilder.XilinxGnuMakefileGenerator.notifyPreMakefileGenerationListeners(XilinxGnuMakefileGenerator.java:91)
	at com.xilinx.sdk.managedbuilder.XilinxGnuMakefileGenerator.regenerateMakefiles(XilinxGnuMakefileGenerator.java:75)
	at org.eclipse.cdt.managedbuilder.internal.core.CommonBuilder.performMakefileGeneration(CommonBuilder.java:1006)
	at org.eclipse.cdt.managedbuilder.internal.core.CommonBuilder.performPrebuildGeneration(CommonBuilder.java:873)
	at org.eclipse.cdt.managedbuilder.internal.core.CommonBuilder.build(CommonBuilder.java:748)
	at org.eclipse.cdt.managedbuilder.internal.core.CommonBuilder.build(CommonBuilder.java:513)
	at org.eclipse.cdt.managedbuilder.internal.core.CommonBuilder.build(CommonBuilder.java:459)
	at org.eclipse.core.internal.events.BuildManager$2.run(BuildManager.java:832)
	at org.eclipse.core.runtime.SafeRunner.run(SafeRunner.java:45)
	at org.eclipse.core.internal.events.BuildManager.basicBuild(BuildManager.java:220)
	at org.eclipse.core.internal.events.BuildManager.basicBuild(BuildManager.java:263)
	at org.eclipse.core.internal.events.BuildManager$1.run(BuildManager.java:316)
	at org.eclipse.core.runtime.SafeRunner.run(SafeRunner.java:45)
	at org.eclipse.core.internal.events.BuildManager.basicBuild(BuildManager.java:319)
	at org.eclipse.core.internal.events.BuildManager.basicBuildLoop(BuildManager.java:371)
	at org.eclipse.core.internal.events.BuildManager.build(BuildManager.java:392)
	at org.eclipse.core.internal.resources.Workspace.buildInternal(Workspace.java:515)
	at org.eclipse.core.internal.resources.Workspace.build(Workspace.java:412)
	at org.eclipse.ui.actions.BuildAction$1.runInWorkspace(BuildAction.java:291)
	at org.eclipse.core.internal.resources.InternalWorkspaceJob.run(InternalWorkspaceJob.java:42)
	at org.eclipse.core.internal.jobs.Worker.run(Worker.java:63)
21:57:23 INFO  : Result from executing command 'getProjects': design_1_wrapper
21:57:23 INFO  : Result from executing command 'getPlatforms': design_1_wrapper|C:/Users/Christopher/Desktop/ENSC_452/AudioLabReal/design_1_wrapper/export/design_1_wrapper/design_1_wrapper.xpfm
23:37:04 INFO  : Connected to target on host '127.0.0.1' and port '3121'.
23:40:04 INFO  : Connected to target on host '127.0.0.1' and port '3121'.
23:42:14 INFO  : Connected to target on host '127.0.0.1' and port '3121'.
23:45:09 INFO  : Connected to target on host '127.0.0.1' and port '3121'.
00:00:40 INFO  : Connected to target on host '127.0.0.1' and port '3121'.
00:01:55 INFO  : Connected to target on host '127.0.0.1' and port '3121'.
00:03:12 INFO  : Connected to target on host '127.0.0.1' and port '3121'.
00:07:36 INFO  : Connected to target on host '127.0.0.1' and port '3121'.
00:15:39 INFO  : Connected to target on host '127.0.0.1' and port '3121'.
00:15:40 INFO  : 'targets -set -filter {jtag_cable_name =~ "Digilent Zed 210248469741" && level==0 && jtag_device_ctx=="jsn-Zed-210248469741-03727093-0"}' command is executed.
00:15:42 INFO  : Device configured successfully with "C:/Users/Christopher/Desktop/ENSC_452/AudioLabReal/AudioLabReal/_ide/bitstream/design_1_wrapper.bit"
00:37:52 INFO  : Checking for BSP changes to sync application flags for project 'AudioLabReal'...
00:38:12 INFO  : Connected to target on host '127.0.0.1' and port '3121'.
00:38:12 INFO  : 'targets -set -filter {jtag_cable_name =~ "Digilent Zed 210248469741" && level==0 && jtag_device_ctx=="jsn-Zed-210248469741-03727093-0"}' command is executed.
00:38:14 INFO  : Device configured successfully with "C:/Users/Christopher/Desktop/ENSC_452/AudioLabReal/AudioLabReal/_ide/bitstream/design_1_wrapper.bit"
00:39:00 INFO  : Checking for BSP changes to sync application flags for project 'AudioLabReal'...
00:39:28 INFO  : Connected to target on host '127.0.0.1' and port '3121'.
00:39:28 INFO  : Jtag cable 'Digilent Zed 210248469741' is selected.
00:39:28 INFO  : 'jtag frequency' command is executed.
00:39:28 INFO  : Context for 'APU' is selected.
00:39:28 INFO  : System reset is completed.
00:39:31 INFO  : 'after 3000' command is executed.
00:39:31 INFO  : 'targets -set -filter {jtag_cable_name =~ "Digilent Zed 210248469741" && level==0 && jtag_device_ctx=="jsn-Zed-210248469741-03727093-0"}' command is executed.
00:39:34 INFO  : Device configured successfully with "C:/Users/Christopher/Desktop/ENSC_452/AudioLabReal/AudioLabReal/_ide/bitstream/design_1_wrapper.bit"
00:39:34 INFO  : Context for 'APU' is selected.
00:39:34 INFO  : Hardware design and registers information is loaded from 'C:/Users/Christopher/Desktop/ENSC_452/AudioLabReal/design_1_wrapper/export/design_1_wrapper/hw/design_1_wrapper.xsa'.
00:39:34 INFO  : 'configparams force-mem-access 1' command is executed.
00:39:34 INFO  : Context for 'APU' is selected.
00:39:34 INFO  : Sourcing of 'C:/Users/Christopher/Desktop/ENSC_452/AudioLabReal/AudioLabReal/_ide/psinit/ps7_init.tcl' is done.
00:39:34 INFO  : 'ps7_init' command is executed.
00:39:34 INFO  : 'ps7_post_config' command is executed.
00:39:34 INFO  : Context for processor 'ps7_cortexa9_0' is selected.
00:39:34 INFO  : The application 'C:/Users/Christopher/Desktop/ENSC_452/AudioLabReal/AudioLabReal/Debug/AudioLabReal.elf' is downloaded to processor 'ps7_cortexa9_0'.
00:39:34 INFO  : 'configparams force-mem-access 0' command is executed.
00:39:34 INFO  : ----------------XSDB Script----------------
connect -url tcp:127.0.0.1:3121
targets -set -nocase -filter {name =~"APU*"}
rst -system
after 3000
targets -set -filter {jtag_cable_name =~ "Digilent Zed 210248469741" && level==0 && jtag_device_ctx=="jsn-Zed-210248469741-03727093-0"}
fpga -file C:/Users/Christopher/Desktop/ENSC_452/AudioLabReal/AudioLabReal/_ide/bitstream/design_1_wrapper.bit
targets -set -nocase -filter {name =~"APU*"}
loadhw -hw C:/Users/Christopher/Desktop/ENSC_452/AudioLabReal/design_1_wrapper/export/design_1_wrapper/hw/design_1_wrapper.xsa -mem-ranges [list {0x40000000 0xbfffffff}] -regs
configparams force-mem-access 1
targets -set -nocase -filter {name =~"APU*"}
source C:/Users/Christopher/Desktop/ENSC_452/AudioLabReal/AudioLabReal/_ide/psinit/ps7_init.tcl
ps7_init
ps7_post_config
targets -set -nocase -filter {name =~ "*A9*#0"}
dow C:/Users/Christopher/Desktop/ENSC_452/AudioLabReal/AudioLabReal/Debug/AudioLabReal.elf
configparams force-mem-access 0
----------------End of Script----------------

00:51:47 INFO  : Checking for BSP changes to sync application flags for project 'AudioLabReal'...
00:51:52 INFO  : Disconnected from the channel tcfchan#4.
00:52:00 INFO  : Checking for BSP changes to sync application flags for project 'AudioLabReal'...
00:52:08 INFO  : Connected to target on host '127.0.0.1' and port '3121'.
00:52:09 INFO  : Jtag cable 'Digilent Zed 210248469741' is selected.
00:52:09 INFO  : 'jtag frequency' command is executed.
00:52:09 INFO  : Context for 'APU' is selected.
00:52:09 INFO  : System reset is completed.
00:52:12 INFO  : 'after 3000' command is executed.
00:52:12 INFO  : 'targets -set -filter {jtag_cable_name =~ "Digilent Zed 210248469741" && level==0 && jtag_device_ctx=="jsn-Zed-210248469741-03727093-0"}' command is executed.
00:52:14 INFO  : Device configured successfully with "C:/Users/Christopher/Desktop/ENSC_452/AudioLabReal/AudioLabReal/_ide/bitstream/design_1_wrapper.bit"
00:52:14 INFO  : Context for 'APU' is selected.
00:52:14 INFO  : Hardware design and registers information is loaded from 'C:/Users/Christopher/Desktop/ENSC_452/AudioLabReal/design_1_wrapper/export/design_1_wrapper/hw/design_1_wrapper.xsa'.
00:52:14 INFO  : 'configparams force-mem-access 1' command is executed.
00:52:14 INFO  : Context for 'APU' is selected.
00:52:14 INFO  : Sourcing of 'C:/Users/Christopher/Desktop/ENSC_452/AudioLabReal/AudioLabReal/_ide/psinit/ps7_init.tcl' is done.
00:52:15 INFO  : 'ps7_init' command is executed.
00:52:15 INFO  : 'ps7_post_config' command is executed.
00:52:15 INFO  : Context for processor 'ps7_cortexa9_0' is selected.
00:52:15 INFO  : The application 'C:/Users/Christopher/Desktop/ENSC_452/AudioLabReal/AudioLabReal/Debug/AudioLabReal.elf' is downloaded to processor 'ps7_cortexa9_0'.
00:52:15 INFO  : 'configparams force-mem-access 0' command is executed.
00:52:15 INFO  : ----------------XSDB Script----------------
connect -url tcp:127.0.0.1:3121
targets -set -nocase -filter {name =~"APU*"}
rst -system
after 3000
targets -set -filter {jtag_cable_name =~ "Digilent Zed 210248469741" && level==0 && jtag_device_ctx=="jsn-Zed-210248469741-03727093-0"}
fpga -file C:/Users/Christopher/Desktop/ENSC_452/AudioLabReal/AudioLabReal/_ide/bitstream/design_1_wrapper.bit
targets -set -nocase -filter {name =~"APU*"}
loadhw -hw C:/Users/Christopher/Desktop/ENSC_452/AudioLabReal/design_1_wrapper/export/design_1_wrapper/hw/design_1_wrapper.xsa -mem-ranges [list {0x40000000 0xbfffffff}] -regs
configparams force-mem-access 1
targets -set -nocase -filter {name =~"APU*"}
source C:/Users/Christopher/Desktop/ENSC_452/AudioLabReal/AudioLabReal/_ide/psinit/ps7_init.tcl
ps7_init
ps7_post_config
targets -set -nocase -filter {name =~ "*A9*#0"}
dow C:/Users/Christopher/Desktop/ENSC_452/AudioLabReal/AudioLabReal/Debug/AudioLabReal.elf
configparams force-mem-access 0
----------------End of Script----------------

00:52:15 INFO  : Context for processor 'ps7_cortexa9_0' is selected.
00:52:15 INFO  : 'con' command is executed.
00:52:15 INFO  : ----------------XSDB Script (After Launch)----------------
targets -set -nocase -filter {name =~ "*A9*#0"}
con
----------------End of Script----------------

00:52:15 INFO  : Disconnected from the channel tcfchan#5.
00:52:46 INFO  : Connected to target on host '127.0.0.1' and port '3121'.
00:52:46 INFO  : Jtag cable 'Digilent Zed 210248469741' is selected.
00:52:46 INFO  : 'jtag frequency' command is executed.
00:52:46 INFO  : Context for 'APU' is selected.
00:52:46 INFO  : System reset is completed.
00:52:49 INFO  : 'after 3000' command is executed.
00:52:49 INFO  : 'targets -set -filter {jtag_cable_name =~ "Digilent Zed 210248469741" && level==0 && jtag_device_ctx=="jsn-Zed-210248469741-03727093-0"}' command is executed.
00:52:51 INFO  : Device configured successfully with "C:/Users/Christopher/Desktop/ENSC_452/AudioLabReal/AudioLabReal/_ide/bitstream/design_1_wrapper.bit"
00:52:51 INFO  : Context for 'APU' is selected.
00:52:51 INFO  : Hardware design and registers information is loaded from 'C:/Users/Christopher/Desktop/ENSC_452/AudioLabReal/design_1_wrapper/export/design_1_wrapper/hw/design_1_wrapper.xsa'.
00:52:51 INFO  : 'configparams force-mem-access 1' command is executed.
00:52:51 INFO  : Context for 'APU' is selected.
00:52:52 INFO  : Sourcing of 'C:/Users/Christopher/Desktop/ENSC_452/AudioLabReal/AudioLabReal/_ide/psinit/ps7_init.tcl' is done.
00:52:52 INFO  : 'ps7_init' command is executed.
00:52:52 INFO  : 'ps7_post_config' command is executed.
00:52:52 INFO  : Context for processor 'ps7_cortexa9_0' is selected.
00:52:52 INFO  : The application 'C:/Users/Christopher/Desktop/ENSC_452/AudioLabReal/AudioLabReal/Debug/AudioLabReal.elf' is downloaded to processor 'ps7_cortexa9_0'.
00:52:52 INFO  : 'configparams force-mem-access 0' command is executed.
00:52:52 INFO  : ----------------XSDB Script----------------
connect -url tcp:127.0.0.1:3121
targets -set -nocase -filter {name =~"APU*"}
rst -system
after 3000
targets -set -filter {jtag_cable_name =~ "Digilent Zed 210248469741" && level==0 && jtag_device_ctx=="jsn-Zed-210248469741-03727093-0"}
fpga -file C:/Users/Christopher/Desktop/ENSC_452/AudioLabReal/AudioLabReal/_ide/bitstream/design_1_wrapper.bit
targets -set -nocase -filter {name =~"APU*"}
loadhw -hw C:/Users/Christopher/Desktop/ENSC_452/AudioLabReal/design_1_wrapper/export/design_1_wrapper/hw/design_1_wrapper.xsa -mem-ranges [list {0x40000000 0xbfffffff}] -regs
configparams force-mem-access 1
targets -set -nocase -filter {name =~"APU*"}
source C:/Users/Christopher/Desktop/ENSC_452/AudioLabReal/AudioLabReal/_ide/psinit/ps7_init.tcl
ps7_init
ps7_post_config
targets -set -nocase -filter {name =~ "*A9*#0"}
dow C:/Users/Christopher/Desktop/ENSC_452/AudioLabReal/AudioLabReal/Debug/AudioLabReal.elf
configparams force-mem-access 0
----------------End of Script----------------

00:54:30 INFO  : Disconnected from the channel tcfchan#6.
00:54:31 INFO  : Checking for BSP changes to sync application flags for project 'AudioLabReal'...
00:54:43 INFO  : Checking for BSP changes to sync application flags for project 'AudioLabReal'...
00:54:50 INFO  : Connected to target on host '127.0.0.1' and port '3121'.
00:54:50 INFO  : Jtag cable 'Digilent Zed 210248469741' is selected.
00:54:50 INFO  : 'jtag frequency' command is executed.
00:54:50 INFO  : Context for 'APU' is selected.
00:54:50 INFO  : System reset is completed.
00:54:53 INFO  : 'after 3000' command is executed.
00:54:53 INFO  : 'targets -set -filter {jtag_cable_name =~ "Digilent Zed 210248469741" && level==0 && jtag_device_ctx=="jsn-Zed-210248469741-03727093-0"}' command is executed.
00:54:56 INFO  : Device configured successfully with "C:/Users/Christopher/Desktop/ENSC_452/AudioLabReal/AudioLabReal/_ide/bitstream/design_1_wrapper.bit"
00:54:56 INFO  : Context for 'APU' is selected.
00:54:56 INFO  : Hardware design and registers information is loaded from 'C:/Users/Christopher/Desktop/ENSC_452/AudioLabReal/design_1_wrapper/export/design_1_wrapper/hw/design_1_wrapper.xsa'.
00:54:56 INFO  : 'configparams force-mem-access 1' command is executed.
00:54:56 INFO  : Context for 'APU' is selected.
00:54:56 INFO  : Sourcing of 'C:/Users/Christopher/Desktop/ENSC_452/AudioLabReal/AudioLabReal/_ide/psinit/ps7_init.tcl' is done.
00:54:56 INFO  : 'ps7_init' command is executed.
00:54:56 INFO  : 'ps7_post_config' command is executed.
00:54:56 INFO  : Context for processor 'ps7_cortexa9_0' is selected.
00:54:56 INFO  : The application 'C:/Users/Christopher/Desktop/ENSC_452/AudioLabReal/AudioLabReal/Debug/AudioLabReal.elf' is downloaded to processor 'ps7_cortexa9_0'.
00:54:56 INFO  : 'configparams force-mem-access 0' command is executed.
00:54:56 INFO  : ----------------XSDB Script----------------
connect -url tcp:127.0.0.1:3121
targets -set -nocase -filter {name =~"APU*"}
rst -system
after 3000
targets -set -filter {jtag_cable_name =~ "Digilent Zed 210248469741" && level==0 && jtag_device_ctx=="jsn-Zed-210248469741-03727093-0"}
fpga -file C:/Users/Christopher/Desktop/ENSC_452/AudioLabReal/AudioLabReal/_ide/bitstream/design_1_wrapper.bit
targets -set -nocase -filter {name =~"APU*"}
loadhw -hw C:/Users/Christopher/Desktop/ENSC_452/AudioLabReal/design_1_wrapper/export/design_1_wrapper/hw/design_1_wrapper.xsa -mem-ranges [list {0x40000000 0xbfffffff}] -regs
configparams force-mem-access 1
targets -set -nocase -filter {name =~"APU*"}
source C:/Users/Christopher/Desktop/ENSC_452/AudioLabReal/AudioLabReal/_ide/psinit/ps7_init.tcl
ps7_init
ps7_post_config
targets -set -nocase -filter {name =~ "*A9*#0"}
dow C:/Users/Christopher/Desktop/ENSC_452/AudioLabReal/AudioLabReal/Debug/AudioLabReal.elf
configparams force-mem-access 0
----------------End of Script----------------

00:57:21 INFO  : Disconnected from the channel tcfchan#7.
00:57:31 INFO  : Checking for BSP changes to sync application flags for project 'AudioLabReal'...
00:57:41 INFO  : Connected to target on host '127.0.0.1' and port '3121'.
00:57:41 INFO  : Jtag cable 'Digilent Zed 210248469741' is selected.
00:57:41 INFO  : 'jtag frequency' command is executed.
00:57:41 INFO  : Context for 'APU' is selected.
00:57:41 INFO  : System reset is completed.
00:57:44 INFO  : 'after 3000' command is executed.
00:57:44 INFO  : 'targets -set -filter {jtag_cable_name =~ "Digilent Zed 210248469741" && level==0 && jtag_device_ctx=="jsn-Zed-210248469741-03727093-0"}' command is executed.
00:57:47 INFO  : Device configured successfully with "C:/Users/Christopher/Desktop/ENSC_452/AudioLabReal/AudioLabReal/_ide/bitstream/design_1_wrapper.bit"
00:57:47 INFO  : Context for 'APU' is selected.
00:57:47 INFO  : Hardware design and registers information is loaded from 'C:/Users/Christopher/Desktop/ENSC_452/AudioLabReal/design_1_wrapper/export/design_1_wrapper/hw/design_1_wrapper.xsa'.
00:57:47 INFO  : 'configparams force-mem-access 1' command is executed.
00:57:47 INFO  : Context for 'APU' is selected.
00:57:47 INFO  : Sourcing of 'C:/Users/Christopher/Desktop/ENSC_452/AudioLabReal/AudioLabReal/_ide/psinit/ps7_init.tcl' is done.
00:57:47 INFO  : 'ps7_init' command is executed.
00:57:47 INFO  : 'ps7_post_config' command is executed.
00:57:47 INFO  : Context for processor 'ps7_cortexa9_0' is selected.
00:57:47 INFO  : The application 'C:/Users/Christopher/Desktop/ENSC_452/AudioLabReal/AudioLabReal/Debug/AudioLabReal.elf' is downloaded to processor 'ps7_cortexa9_0'.
00:57:47 INFO  : 'configparams force-mem-access 0' command is executed.
00:57:47 INFO  : ----------------XSDB Script----------------
connect -url tcp:127.0.0.1:3121
targets -set -nocase -filter {name =~"APU*"}
rst -system
after 3000
targets -set -filter {jtag_cable_name =~ "Digilent Zed 210248469741" && level==0 && jtag_device_ctx=="jsn-Zed-210248469741-03727093-0"}
fpga -file C:/Users/Christopher/Desktop/ENSC_452/AudioLabReal/AudioLabReal/_ide/bitstream/design_1_wrapper.bit
targets -set -nocase -filter {name =~"APU*"}
loadhw -hw C:/Users/Christopher/Desktop/ENSC_452/AudioLabReal/design_1_wrapper/export/design_1_wrapper/hw/design_1_wrapper.xsa -mem-ranges [list {0x40000000 0xbfffffff}] -regs
configparams force-mem-access 1
targets -set -nocase -filter {name =~"APU*"}
source C:/Users/Christopher/Desktop/ENSC_452/AudioLabReal/AudioLabReal/_ide/psinit/ps7_init.tcl
ps7_init
ps7_post_config
targets -set -nocase -filter {name =~ "*A9*#0"}
dow C:/Users/Christopher/Desktop/ENSC_452/AudioLabReal/AudioLabReal/Debug/AudioLabReal.elf
configparams force-mem-access 0
----------------End of Script----------------

00:57:47 INFO  : Context for processor 'ps7_cortexa9_0' is selected.
00:57:48 INFO  : 'con' command is executed.
00:57:48 INFO  : ----------------XSDB Script (After Launch)----------------
targets -set -nocase -filter {name =~ "*A9*#0"}
con
----------------End of Script----------------

00:57:48 INFO  : Disconnected from the channel tcfchan#8.
00:59:03 INFO  : Connected to target on host '127.0.0.1' and port '3121'.
00:59:04 INFO  : Jtag cable 'Digilent Zed 210248469741' is selected.
00:59:04 INFO  : 'jtag frequency' command is executed.
00:59:04 INFO  : Context for 'APU' is selected.
00:59:04 INFO  : System reset is completed.
00:59:07 INFO  : 'after 3000' command is executed.
00:59:07 INFO  : 'targets -set -filter {jtag_cable_name =~ "Digilent Zed 210248469741" && level==0 && jtag_device_ctx=="jsn-Zed-210248469741-03727093-0"}' command is executed.
00:59:09 INFO  : Device configured successfully with "C:/Users/Christopher/Desktop/ENSC_452/AudioLabReal/AudioLabReal/_ide/bitstream/design_1_wrapper.bit"
00:59:09 INFO  : Context for 'APU' is selected.
00:59:09 INFO  : Hardware design and registers information is loaded from 'C:/Users/Christopher/Desktop/ENSC_452/AudioLabReal/design_1_wrapper/export/design_1_wrapper/hw/design_1_wrapper.xsa'.
00:59:09 INFO  : 'configparams force-mem-access 1' command is executed.
00:59:09 INFO  : Context for 'APU' is selected.
00:59:09 INFO  : Sourcing of 'C:/Users/Christopher/Desktop/ENSC_452/AudioLabReal/AudioLabReal/_ide/psinit/ps7_init.tcl' is done.
00:59:10 INFO  : 'ps7_init' command is executed.
00:59:10 INFO  : 'ps7_post_config' command is executed.
00:59:10 INFO  : Context for processor 'ps7_cortexa9_0' is selected.
00:59:10 INFO  : The application 'C:/Users/Christopher/Desktop/ENSC_452/AudioLabReal/AudioLabReal/Debug/AudioLabReal.elf' is downloaded to processor 'ps7_cortexa9_0'.
00:59:10 INFO  : 'configparams force-mem-access 0' command is executed.
00:59:10 INFO  : ----------------XSDB Script----------------
connect -url tcp:127.0.0.1:3121
targets -set -nocase -filter {name =~"APU*"}
rst -system
after 3000
targets -set -filter {jtag_cable_name =~ "Digilent Zed 210248469741" && level==0 && jtag_device_ctx=="jsn-Zed-210248469741-03727093-0"}
fpga -file C:/Users/Christopher/Desktop/ENSC_452/AudioLabReal/AudioLabReal/_ide/bitstream/design_1_wrapper.bit
targets -set -nocase -filter {name =~"APU*"}
loadhw -hw C:/Users/Christopher/Desktop/ENSC_452/AudioLabReal/design_1_wrapper/export/design_1_wrapper/hw/design_1_wrapper.xsa -mem-ranges [list {0x40000000 0xbfffffff}] -regs
configparams force-mem-access 1
targets -set -nocase -filter {name =~"APU*"}
source C:/Users/Christopher/Desktop/ENSC_452/AudioLabReal/AudioLabReal/_ide/psinit/ps7_init.tcl
ps7_init
ps7_post_config
targets -set -nocase -filter {name =~ "*A9*#0"}
dow C:/Users/Christopher/Desktop/ENSC_452/AudioLabReal/AudioLabReal/Debug/AudioLabReal.elf
configparams force-mem-access 0
----------------End of Script----------------

01:00:55 INFO  : Disconnected from the channel tcfchan#9.
01:01:00 INFO  : Connected to target on host '127.0.0.1' and port '3121'.
01:01:00 INFO  : Jtag cable 'Digilent Zed 210248469741' is selected.
01:01:00 INFO  : 'jtag frequency' command is executed.
01:01:00 INFO  : Context for 'APU' is selected.
01:01:00 INFO  : System reset is completed.
01:01:03 INFO  : 'after 3000' command is executed.
01:01:03 INFO  : 'targets -set -filter {jtag_cable_name =~ "Digilent Zed 210248469741" && level==0 && jtag_device_ctx=="jsn-Zed-210248469741-03727093-0"}' command is executed.
01:01:06 INFO  : Device configured successfully with "C:/Users/Christopher/Desktop/ENSC_452/AudioLabReal/AudioLabReal/_ide/bitstream/design_1_wrapper.bit"
01:01:06 INFO  : Context for 'APU' is selected.
01:01:06 INFO  : Hardware design and registers information is loaded from 'C:/Users/Christopher/Desktop/ENSC_452/AudioLabReal/design_1_wrapper/export/design_1_wrapper/hw/design_1_wrapper.xsa'.
01:01:06 INFO  : 'configparams force-mem-access 1' command is executed.
01:01:06 INFO  : Context for 'APU' is selected.
01:01:06 INFO  : Sourcing of 'C:/Users/Christopher/Desktop/ENSC_452/AudioLabReal/AudioLabReal/_ide/psinit/ps7_init.tcl' is done.
01:01:06 INFO  : 'ps7_init' command is executed.
01:01:06 INFO  : 'ps7_post_config' command is executed.
01:01:06 INFO  : Context for processor 'ps7_cortexa9_0' is selected.
01:01:06 INFO  : The application 'C:/Users/Christopher/Desktop/ENSC_452/AudioLabReal/AudioLabReal/Debug/AudioLabReal.elf' is downloaded to processor 'ps7_cortexa9_0'.
01:01:06 INFO  : 'configparams force-mem-access 0' command is executed.
01:01:06 INFO  : ----------------XSDB Script----------------
connect -url tcp:127.0.0.1:3121
targets -set -nocase -filter {name =~"APU*"}
rst -system
after 3000
targets -set -filter {jtag_cable_name =~ "Digilent Zed 210248469741" && level==0 && jtag_device_ctx=="jsn-Zed-210248469741-03727093-0"}
fpga -file C:/Users/Christopher/Desktop/ENSC_452/AudioLabReal/AudioLabReal/_ide/bitstream/design_1_wrapper.bit
targets -set -nocase -filter {name =~"APU*"}
loadhw -hw C:/Users/Christopher/Desktop/ENSC_452/AudioLabReal/design_1_wrapper/export/design_1_wrapper/hw/design_1_wrapper.xsa -mem-ranges [list {0x40000000 0xbfffffff}] -regs
configparams force-mem-access 1
targets -set -nocase -filter {name =~"APU*"}
source C:/Users/Christopher/Desktop/ENSC_452/AudioLabReal/AudioLabReal/_ide/psinit/ps7_init.tcl
ps7_init
ps7_post_config
targets -set -nocase -filter {name =~ "*A9*#0"}
dow C:/Users/Christopher/Desktop/ENSC_452/AudioLabReal/AudioLabReal/Debug/AudioLabReal.elf
configparams force-mem-access 0
----------------End of Script----------------

01:03:50 INFO  : Disconnected from the channel tcfchan#10.
01:04:51 INFO  : Checking for BSP changes to sync application flags for project 'AudioLabReal'...
01:05:01 INFO  : Connected to target on host '127.0.0.1' and port '3121'.
01:05:02 INFO  : Jtag cable 'Digilent Zed 210248469741' is selected.
01:05:02 INFO  : 'jtag frequency' command is executed.
01:05:02 INFO  : Context for 'APU' is selected.
01:05:02 INFO  : System reset is completed.
01:05:05 INFO  : 'after 3000' command is executed.
01:05:05 INFO  : 'targets -set -filter {jtag_cable_name =~ "Digilent Zed 210248469741" && level==0 && jtag_device_ctx=="jsn-Zed-210248469741-03727093-0"}' command is executed.
01:05:07 INFO  : Device configured successfully with "C:/Users/Christopher/Desktop/ENSC_452/AudioLabReal/AudioLabReal/_ide/bitstream/design_1_wrapper.bit"
01:05:07 INFO  : Context for 'APU' is selected.
01:05:07 INFO  : Hardware design and registers information is loaded from 'C:/Users/Christopher/Desktop/ENSC_452/AudioLabReal/design_1_wrapper/export/design_1_wrapper/hw/design_1_wrapper.xsa'.
01:05:07 INFO  : 'configparams force-mem-access 1' command is executed.
01:05:07 INFO  : Context for 'APU' is selected.
01:05:07 INFO  : Sourcing of 'C:/Users/Christopher/Desktop/ENSC_452/AudioLabReal/AudioLabReal/_ide/psinit/ps7_init.tcl' is done.
01:05:08 INFO  : 'ps7_init' command is executed.
01:05:08 INFO  : 'ps7_post_config' command is executed.
01:05:08 INFO  : Context for processor 'ps7_cortexa9_0' is selected.
01:05:08 INFO  : The application 'C:/Users/Christopher/Desktop/ENSC_452/AudioLabReal/AudioLabReal/Debug/AudioLabReal.elf' is downloaded to processor 'ps7_cortexa9_0'.
01:05:08 INFO  : 'configparams force-mem-access 0' command is executed.
01:05:08 INFO  : ----------------XSDB Script----------------
connect -url tcp:127.0.0.1:3121
targets -set -nocase -filter {name =~"APU*"}
rst -system
after 3000
targets -set -filter {jtag_cable_name =~ "Digilent Zed 210248469741" && level==0 && jtag_device_ctx=="jsn-Zed-210248469741-03727093-0"}
fpga -file C:/Users/Christopher/Desktop/ENSC_452/AudioLabReal/AudioLabReal/_ide/bitstream/design_1_wrapper.bit
targets -set -nocase -filter {name =~"APU*"}
loadhw -hw C:/Users/Christopher/Desktop/ENSC_452/AudioLabReal/design_1_wrapper/export/design_1_wrapper/hw/design_1_wrapper.xsa -mem-ranges [list {0x40000000 0xbfffffff}] -regs
configparams force-mem-access 1
targets -set -nocase -filter {name =~"APU*"}
source C:/Users/Christopher/Desktop/ENSC_452/AudioLabReal/AudioLabReal/_ide/psinit/ps7_init.tcl
ps7_init
ps7_post_config
targets -set -nocase -filter {name =~ "*A9*#0"}
dow C:/Users/Christopher/Desktop/ENSC_452/AudioLabReal/AudioLabReal/Debug/AudioLabReal.elf
configparams force-mem-access 0
----------------End of Script----------------

01:05:40 INFO  : Disconnected from the channel tcfchan#11.
01:05:47 INFO  : Checking for BSP changes to sync application flags for project 'AudioLabReal'...
01:05:58 INFO  : Connected to target on host '127.0.0.1' and port '3121'.
01:05:58 INFO  : Jtag cable 'Digilent Zed 210248469741' is selected.
01:05:58 INFO  : 'jtag frequency' command is executed.
01:05:58 INFO  : Context for 'APU' is selected.
01:05:58 INFO  : System reset is completed.
01:06:01 INFO  : 'after 3000' command is executed.
01:06:01 INFO  : 'targets -set -filter {jtag_cable_name =~ "Digilent Zed 210248469741" && level==0 && jtag_device_ctx=="jsn-Zed-210248469741-03727093-0"}' command is executed.
01:06:04 INFO  : Device configured successfully with "C:/Users/Christopher/Desktop/ENSC_452/AudioLabReal/AudioLabReal/_ide/bitstream/design_1_wrapper.bit"
01:06:04 INFO  : Context for 'APU' is selected.
01:06:04 INFO  : Hardware design and registers information is loaded from 'C:/Users/Christopher/Desktop/ENSC_452/AudioLabReal/design_1_wrapper/export/design_1_wrapper/hw/design_1_wrapper.xsa'.
01:06:04 INFO  : 'configparams force-mem-access 1' command is executed.
01:06:04 INFO  : Context for 'APU' is selected.
01:06:04 INFO  : Sourcing of 'C:/Users/Christopher/Desktop/ENSC_452/AudioLabReal/AudioLabReal/_ide/psinit/ps7_init.tcl' is done.
01:06:04 INFO  : 'ps7_init' command is executed.
01:06:04 INFO  : 'ps7_post_config' command is executed.
01:06:04 INFO  : Context for processor 'ps7_cortexa9_0' is selected.
01:06:04 INFO  : The application 'C:/Users/Christopher/Desktop/ENSC_452/AudioLabReal/AudioLabReal/Debug/AudioLabReal.elf' is downloaded to processor 'ps7_cortexa9_0'.
01:06:04 INFO  : 'configparams force-mem-access 0' command is executed.
01:06:04 INFO  : ----------------XSDB Script----------------
connect -url tcp:127.0.0.1:3121
targets -set -nocase -filter {name =~"APU*"}
rst -system
after 3000
targets -set -filter {jtag_cable_name =~ "Digilent Zed 210248469741" && level==0 && jtag_device_ctx=="jsn-Zed-210248469741-03727093-0"}
fpga -file C:/Users/Christopher/Desktop/ENSC_452/AudioLabReal/AudioLabReal/_ide/bitstream/design_1_wrapper.bit
targets -set -nocase -filter {name =~"APU*"}
loadhw -hw C:/Users/Christopher/Desktop/ENSC_452/AudioLabReal/design_1_wrapper/export/design_1_wrapper/hw/design_1_wrapper.xsa -mem-ranges [list {0x40000000 0xbfffffff}] -regs
configparams force-mem-access 1
targets -set -nocase -filter {name =~"APU*"}
source C:/Users/Christopher/Desktop/ENSC_452/AudioLabReal/AudioLabReal/_ide/psinit/ps7_init.tcl
ps7_init
ps7_post_config
targets -set -nocase -filter {name =~ "*A9*#0"}
dow C:/Users/Christopher/Desktop/ENSC_452/AudioLabReal/AudioLabReal/Debug/AudioLabReal.elf
configparams force-mem-access 0
----------------End of Script----------------

01:06:18 INFO  : Disconnected from the channel tcfchan#12.
01:06:26 INFO  : Checking for BSP changes to sync application flags for project 'AudioLabReal'...
01:06:32 INFO  : Connected to target on host '127.0.0.1' and port '3121'.
01:06:32 INFO  : Jtag cable 'Digilent Zed 210248469741' is selected.
01:06:32 INFO  : 'jtag frequency' command is executed.
01:06:32 INFO  : Context for 'APU' is selected.
01:06:32 INFO  : System reset is completed.
01:06:35 INFO  : 'after 3000' command is executed.
01:06:35 INFO  : 'targets -set -filter {jtag_cable_name =~ "Digilent Zed 210248469741" && level==0 && jtag_device_ctx=="jsn-Zed-210248469741-03727093-0"}' command is executed.
01:06:38 INFO  : Device configured successfully with "C:/Users/Christopher/Desktop/ENSC_452/AudioLabReal/AudioLabReal/_ide/bitstream/design_1_wrapper.bit"
01:06:38 INFO  : Context for 'APU' is selected.
01:06:38 INFO  : Hardware design and registers information is loaded from 'C:/Users/Christopher/Desktop/ENSC_452/AudioLabReal/design_1_wrapper/export/design_1_wrapper/hw/design_1_wrapper.xsa'.
01:06:38 INFO  : 'configparams force-mem-access 1' command is executed.
01:06:38 INFO  : Context for 'APU' is selected.
01:06:38 INFO  : Sourcing of 'C:/Users/Christopher/Desktop/ENSC_452/AudioLabReal/AudioLabReal/_ide/psinit/ps7_init.tcl' is done.
01:06:38 INFO  : 'ps7_init' command is executed.
01:06:38 INFO  : 'ps7_post_config' command is executed.
01:06:38 INFO  : Context for processor 'ps7_cortexa9_0' is selected.
01:06:38 INFO  : The application 'C:/Users/Christopher/Desktop/ENSC_452/AudioLabReal/AudioLabReal/Debug/AudioLabReal.elf' is downloaded to processor 'ps7_cortexa9_0'.
01:06:38 INFO  : 'configparams force-mem-access 0' command is executed.
01:06:38 INFO  : ----------------XSDB Script----------------
connect -url tcp:127.0.0.1:3121
targets -set -nocase -filter {name =~"APU*"}
rst -system
after 3000
targets -set -filter {jtag_cable_name =~ "Digilent Zed 210248469741" && level==0 && jtag_device_ctx=="jsn-Zed-210248469741-03727093-0"}
fpga -file C:/Users/Christopher/Desktop/ENSC_452/AudioLabReal/AudioLabReal/_ide/bitstream/design_1_wrapper.bit
targets -set -nocase -filter {name =~"APU*"}
loadhw -hw C:/Users/Christopher/Desktop/ENSC_452/AudioLabReal/design_1_wrapper/export/design_1_wrapper/hw/design_1_wrapper.xsa -mem-ranges [list {0x40000000 0xbfffffff}] -regs
configparams force-mem-access 1
targets -set -nocase -filter {name =~"APU*"}
source C:/Users/Christopher/Desktop/ENSC_452/AudioLabReal/AudioLabReal/_ide/psinit/ps7_init.tcl
ps7_init
ps7_post_config
targets -set -nocase -filter {name =~ "*A9*#0"}
dow C:/Users/Christopher/Desktop/ENSC_452/AudioLabReal/AudioLabReal/Debug/AudioLabReal.elf
configparams force-mem-access 0
----------------End of Script----------------

01:07:16 INFO  : Disconnected from the channel tcfchan#13.
